==14437== Memcheck, a memory error detector
==14437== Copyright (C) 2002-2017, and GNU GPL'd, by Julian Seward et al.
==14437== Using Valgrind-3.17.0 and LibVEX; rerun with -h for copyright info
==14437== Command: ./src/server/server 5001
==14437== Parent PID: 10603
==14437== 
==14437== 
==14437== HEAP SUMMARY:
==14437==     in use at exit: 544 bytes in 2 blocks
==14437==   total heap usage: 6 allocs, 4 frees, 3,728 bytes allocated
==14437== 
==14437== 272 bytes in 1 blocks are possibly lost in loss record 1 of 2
==14437==    at 0x484147B: calloc (vg_replace_malloc.c:1117)
==14437==    by 0x4014B1A: allocate_dtv (dl-tls.c:343)
==14437==    by 0x4014B1A: _dl_allocate_tls (dl-tls.c:589)
==14437==    by 0x486F322: allocate_stack (allocatestack.c:622)
==14437==    by 0x486F322: pthread_create@@GLIBC_2.2.5 (pthread_create.c:660)
==14437==    by 0x488A04B: PoolInit (ThreadPool.c:287)
==14437==    by 0x1096B9: main (server.cpp:72)
==14437== 
==14437== 272 bytes in 1 blocks are possibly lost in loss record 2 of 2
==14437==    at 0x484147B: calloc (vg_replace_malloc.c:1117)
==14437==    by 0x4014B1A: allocate_dtv (dl-tls.c:343)
==14437==    by 0x4014B1A: _dl_allocate_tls (dl-tls.c:589)
==14437==    by 0x486F322: allocate_stack (allocatestack.c:622)
==14437==    by 0x486F322: pthread_create@@GLIBC_2.2.5 (pthread_create.c:660)
==14437==    by 0x488A0D4: PoolInit (ThreadPool.c:292)
==14437==    by 0x1096B9: main (server.cpp:72)
==14437== 
==14437== LEAK SUMMARY:
==14437==    definitely lost: 0 bytes in 0 blocks
==14437==    indirectly lost: 0 bytes in 0 blocks
==14437==      possibly lost: 544 bytes in 2 blocks
==14437==    still reachable: 0 bytes in 0 blocks
==14437==         suppressed: 0 bytes in 0 blocks
==14437== 
==14437== ERROR SUMMARY: 2 errors from 2 contexts (suppressed: 0 from 0)
